<?xml version="1.0" encoding="UTF-8"?>
<!-- Generated by org.testng.reporters.JUnitReportReporter -->
<testsuite skipped="0" hostname="Windows-PC" name="com.qtpselenium.core.ddf.DummyTestA" tests="3" failures="0" timestamp="24 Jul 2018 01:28:20 GMT" time="0.014" errors="0">
  <testcase name="testA1" time="0.008" classname="com.qtpselenium.core.ddf.DummyTestA"/>
  <testcase name="testA2" time="0.002" classname="com.qtpselenium.core.ddf.DummyTestA"/>
  <testcase name="testA3" time="0.004" classname="com.qtpselenium.core.ddf.DummyTestA"/>
</testsuite> <!-- com.qtpselenium.core.ddf.DummyTestA -->
