<?xml version="1.0" encoding="UTF-8"?>
<!-- Generated by org.testng.reporters.JUnitReportReporter -->
<testsuite skipped="0" hostname="Windows-PC" name="com.qtpselenium.core.ddf.DummyTestC" tests="1" failures="0" timestamp="24 Jul 2018 01:28:20 GMT" time="0.016" errors="0">
  <testcase name="TestC" time="0.016" classname="com.qtpselenium.core.ddf.DummyTestC"/>
</testsuite> <!-- com.qtpselenium.core.ddf.DummyTestC -->
