<?xml version="1.0" encoding="UTF-8"?>
<!-- Generated by org.testng.reporters.JUnitReportReporter -->
<testsuite skipped="0" hostname="Windows-PC" name="testngPackage.TestingApp" tests="1" failures="0" timestamp="23 Jul 2018 17:35:49 GMT" time="0.022" errors="0">
  <testcase name="print" time="0.022" classname="testngPackage.TestingApp"/>
</testsuite> <!-- testngPackage.TestingApp -->
