<?xml version="1.0" encoding="UTF-8"?>
<!-- Generated by org.testng.reporters.JUnitReportReporter -->
<testsuite skipped="0" hostname="Windows-PC" name="com.qtpselenium.core.ddf.DummyTestB" tests="1" failures="0" timestamp="24 Jul 2018 01:28:20 GMT" time="0.002" errors="0">
  <testcase name="TestB" time="0.002" classname="com.qtpselenium.core.ddf.DummyTestB"/>
</testsuite> <!-- com.qtpselenium.core.ddf.DummyTestB -->
