<?xml version="1.0" encoding="UTF-8"?>
<!-- Generated by org.testng.reporters.JUnitReportReporter -->
<testsuite skipped="0" hostname="Windows-PC" name="com.tests.LoginTest" tests="1" failures="0" timestamp="08 Aug 2018 08:01:10 GMT" time="16.546" errors="0">
  <testcase name="LoginPageTest" time="16.546" classname="com.tests.LoginTest"/>
</testsuite> <!-- com.tests.LoginTest -->
