<?xml version="1.0" encoding="UTF-8"?>
<!-- Generated by org.testng.reporters.JUnitReportReporter -->
<testsuite skipped="0" hostname="Windows-PC" name="com.tests.testing" tests="1" failures="0" timestamp="08 Aug 2018 07:23:39 GMT" time="18.647" errors="0">
  <testcase name="test" time="18.647" classname="com.tests.testing"/>
</testsuite> <!-- com.tests.testing -->
